[10 Oct 2018 15:22:13] Building database metadata model
[10 Oct 2018 15:22:13] Properties: {partialRefresh=false, processColumnsUsingSelect=, includePrimaryKeys=true, eventSocketClient=com.webratio.commons.net.EventSocketClient@70ad2036, includeTables=true, username=postgres, outputLogPath=/home/kasper/Documents/Study/WebRatio_workspace/Reddit/.Temp~/DB.xml.log, readIndexes=null, driverClass=org.postgresql.Driver, includeSynonyms=true, metaDataProviderClass=com.webratio.commons.db.metadata.PostgreSQLMetaDataProvider, outputPath=/home/kasper/Documents/Study/WebRatio_workspace/Reddit/.Temp~/DB.xml, schemaRegex=null, readProcedures=null, includeViews=true, derby.system.home=/home/kasper/Documents/Study/WebRatio_workspace/.metadata/.plugins/com.webratio.commons.db/derby, url=jdbc:postgresql://localhost:5432/reddit_clone, tableRegex=null, readSQLDefinitions=true, includeForeignKeys=false, retrieveAllNames=false, tablesToRefresh=, eventSocketPort=41693}
[10 Oct 2018 15:22:13] URL: jdbc:postgresql://localhost:5432/reddit_clone
[10 Oct 2018 15:22:13] Product name: PostgreSQL
[10 Oct 2018 15:22:13] Product version: 9.5.14
[10 Oct 2018 15:22:13] Driver name: PostgreSQL Native Driver
[10 Oct 2018 15:22:13] Driver version: PostgreSQL 9.0 JDBC3 (build 801)
[10 Oct 2018 15:22:13] Driver major version: 9
[10 Oct 2018 15:22:13] Driver minor version: 0
[10 Oct 2018 15:22:13] Identifier quote string: 0
[10 Oct 2018 15:22:13] Retrieving schemas
[10 Oct 2018 15:22:13]   Found schema: information_schema
[10 Oct 2018 15:22:13]   Found schema: pg_catalog
[10 Oct 2018 15:22:13]   Found schema: pg_toast_temp_1
[10 Oct 2018 15:22:13]   Found schema: public
[10 Oct 2018 15:22:13] Retrieving sequences
[10 Oct 2018 15:22:13] Retrieving [TABLE, VIEW, SYNONYM] for schema 'information_schema'
[10 Oct 2018 15:22:13] Retrieving [TABLE, VIEW, SYNONYM] for schema 'pg_catalog'
[10 Oct 2018 15:22:13] Retrieving [TABLE, VIEW, SYNONYM] for schema 'pg_toast_temp_1'
[10 Oct 2018 15:22:13] Retrieving [TABLE, VIEW, SYNONYM] for schema 'public'
[10 Oct 2018 15:22:14]   Found 'public.channel' [type = TABLE]
[10 Oct 2018 15:22:14]   Found 'public.channel_moderators' [type = TABLE]
[10 Oct 2018 15:22:14]   Found 'public.channel_subscribed' [type = TABLE]
[10 Oct 2018 15:22:14]   Found 'public.comment' [type = TABLE]
[10 Oct 2018 15:22:14]   Found 'public.group' [type = TABLE]
[10 Oct 2018 15:22:14]   Found 'public.group_module' [type = TABLE]
[10 Oct 2018 15:22:14]   Found 'public.module' [type = TABLE]
[10 Oct 2018 15:22:14]   Found 'public.post' [type = TABLE]
[10 Oct 2018 15:22:14]   Found 'public.user' [type = TABLE]
[10 Oct 2018 15:22:14]   Found 'public.user_group' [type = TABLE]
[10 Oct 2018 15:22:14] Retrieving columns for 'public.channel' [type = TABLE]
[10 Oct 2018 15:22:14]   Found column: oid_channel [type = int4][SQL/XOPEN type = 4][size = 10][dec. digits = 0]
[10 Oct 2018 15:22:14]   Found column: private [type = bool][SQL/XOPEN type = -7][size = 1][dec. digits = 0]
[10 Oct 2018 15:22:14]   Found column: title [type = varchar][SQL/XOPEN type = 12][size = 255][dec. digits = 0]
[10 Oct 2018 15:22:14]   Found column: tags [type = varchar][SQL/XOPEN type = 12][size = 255][dec. digits = 0]
[10 Oct 2018 15:22:14]   Found column: description [type = varchar][SQL/XOPEN type = 12][size = 255][dec. digits = 0]
[10 Oct 2018 15:22:14] Retrieving primary keys for 'public.channel' [type = TABLE]
[10 Oct 2018 15:22:14]   Found primary key column: oid_channel
[10 Oct 2018 15:22:14] Retrieving columns for 'public.channel_moderators' [type = TABLE]
[10 Oct 2018 15:22:14]   Found column: channel_oid_channel [type = int4][SQL/XOPEN type = 4][size = 10][dec. digits = 0]
[10 Oct 2018 15:22:14]   Found column: user_oid_user [type = int4][SQL/XOPEN type = 4][size = 10][dec. digits = 0]
[10 Oct 2018 15:22:14] Retrieving primary keys for 'public.channel_moderators' [type = TABLE]
[10 Oct 2018 15:22:14]   Found primary key column: channel_oid_channel
[10 Oct 2018 15:22:14]   Found primary key column: user_oid_user
[10 Oct 2018 15:22:14] Retrieving columns for 'public.channel_subscribed' [type = TABLE]
[10 Oct 2018 15:22:14]   Found column: user_oid_user [type = int4][SQL/XOPEN type = 4][size = 10][dec. digits = 0]
[10 Oct 2018 15:22:14]   Found column: channel_oid_channel [type = int4][SQL/XOPEN type = 4][size = 10][dec. digits = 0]
[10 Oct 2018 15:22:14] Retrieving primary keys for 'public.channel_subscribed' [type = TABLE]
[10 Oct 2018 15:22:14]   Found primary key column: user_oid_user
[10 Oct 2018 15:22:14]   Found primary key column: channel_oid_channel
[10 Oct 2018 15:22:14] Retrieving columns for 'public.comment' [type = TABLE]
[10 Oct 2018 15:22:14]   Found column: oid_comment [type = int4][SQL/XOPEN type = 4][size = 10][dec. digits = 0]
[10 Oct 2018 15:22:14]   Found column: content [type = varchar][SQL/XOPEN type = 12][size = 255][dec. digits = 0]
[10 Oct 2018 15:22:14]   Found column: publication [type = timestamp][SQL/XOPEN type = 93][size = 29][dec. digits = 6]
[10 Oct 2018 15:22:14]   Found column: title [type = varchar][SQL/XOPEN type = 12][size = 255][dec. digits = 0]
[10 Oct 2018 15:22:14]   Found column: upvotes [type = int4][SQL/XOPEN type = 4][size = 10][dec. digits = 0]
[10 Oct 2018 15:22:14]   Found column: downvotes [type = int4][SQL/XOPEN type = 4][size = 10][dec. digits = 0]
[10 Oct 2018 15:22:14]   Found column: post_oid_post [type = int4][SQL/XOPEN type = 4][size = 10][dec. digits = 0]
[10 Oct 2018 15:22:14]   Found column: user_oid_user [type = int4][SQL/XOPEN type = 4][size = 10][dec. digits = 0]
[10 Oct 2018 15:22:14]   Found column: inappropriate [type = bool][SQL/XOPEN type = -7][size = 1][dec. digits = 0]
[10 Oct 2018 15:22:14] Retrieving primary keys for 'public.comment' [type = TABLE]
[10 Oct 2018 15:22:14]   Found primary key column: oid_comment
[10 Oct 2018 15:22:14] Retrieving columns for 'public.group' [type = TABLE]
[10 Oct 2018 15:22:14]   Found column: oid_group [type = int4][SQL/XOPEN type = 4][size = 10][dec. digits = 0]
[10 Oct 2018 15:22:14]   Found column: groupname [type = varchar][SQL/XOPEN type = 12][size = 255][dec. digits = 0]
[10 Oct 2018 15:22:14]   Found column: module_oid [type = int4][SQL/XOPEN type = 4][size = 10][dec. digits = 0]
[10 Oct 2018 15:22:14] Retrieving primary keys for 'public.group' [type = TABLE]
[10 Oct 2018 15:22:14]   Found primary key column: oid_group
[10 Oct 2018 15:22:14] Retrieving columns for 'public.group_module' [type = TABLE]
[10 Oct 2018 15:22:14]   Found column: group_oid [type = int4][SQL/XOPEN type = 4][size = 10][dec. digits = 0]
[10 Oct 2018 15:22:14]   Found column: module_oid [type = int4][SQL/XOPEN type = 4][size = 10][dec. digits = 0]
[10 Oct 2018 15:22:14] Retrieving primary keys for 'public.group_module' [type = TABLE]
[10 Oct 2018 15:22:14]   Found primary key column: group_oid
[10 Oct 2018 15:22:14]   Found primary key column: module_oid
[10 Oct 2018 15:22:14] Retrieving columns for 'public.module' [type = TABLE]
[10 Oct 2018 15:22:14]   Found column: oid_module [type = int4][SQL/XOPEN type = 4][size = 10][dec. digits = 0]
[10 Oct 2018 15:22:14]   Found column: moduleid [type = varchar][SQL/XOPEN type = 12][size = 255][dec. digits = 0]
[10 Oct 2018 15:22:14]   Found column: modulename [type = varchar][SQL/XOPEN type = 12][size = 255][dec. digits = 0]
[10 Oct 2018 15:22:14] Retrieving primary keys for 'public.module' [type = TABLE]
[10 Oct 2018 15:22:14]   Found primary key column: oid_module
[10 Oct 2018 15:22:14] Retrieving columns for 'public.post' [type = TABLE]
[10 Oct 2018 15:22:14]   Found column: oid_post [type = int4][SQL/XOPEN type = 4][size = 10][dec. digits = 0]
[10 Oct 2018 15:22:14]   Found column: text [type = varchar][SQL/XOPEN type = 12][size = 255][dec. digits = 0]
[10 Oct 2018 15:22:14]   Found column: link [type = varchar][SQL/XOPEN type = 12][size = 255][dec. digits = 0]
[10 Oct 2018 15:22:14]   Found column: publication [type = timestamp][SQL/XOPEN type = 93][size = 29][dec. digits = 6]
[10 Oct 2018 15:22:14]   Found column: title [type = varchar][SQL/XOPEN type = 12][size = 255][dec. digits = 0]
[10 Oct 2018 15:22:14]   Found column: downvotes [type = int4][SQL/XOPEN type = 4][size = 10][dec. digits = 0]
[10 Oct 2018 15:22:14]   Found column: upvotes [type = int4][SQL/XOPEN type = 4][size = 10][dec. digits = 0]
[10 Oct 2018 15:22:14]   Found column: channel_oid_channel [type = int4][SQL/XOPEN type = 4][size = 10][dec. digits = 0]
[10 Oct 2018 15:22:14]   Found column: user_oid_user [type = int4][SQL/XOPEN type = 4][size = 10][dec. digits = 0]
[10 Oct 2018 15:22:14]   Found column: inappropriate [type = bool][SQL/XOPEN type = -7][size = 1][dec. digits = 0]
[10 Oct 2018 15:22:14] Retrieving primary keys for 'public.post' [type = TABLE]
[10 Oct 2018 15:22:14]   Found primary key column: oid_post
[10 Oct 2018 15:22:14] Retrieving columns for 'public.user' [type = TABLE]
[10 Oct 2018 15:22:14]   Found column: oid_user [type = int4][SQL/XOPEN type = 4][size = 10][dec. digits = 0]
[10 Oct 2018 15:22:14]   Found column: username [type = varchar][SQL/XOPEN type = 12][size = 255][dec. digits = 0]
[10 Oct 2018 15:22:14]   Found column: password [type = varchar][SQL/XOPEN type = 12][size = 255][dec. digits = 0]
[10 Oct 2018 15:22:14]   Found column: email [type = varchar][SQL/XOPEN type = 12][size = 255][dec. digits = 0]
[10 Oct 2018 15:22:14]   Found column: reputation [type = int4][SQL/XOPEN type = 4][size = 10][dec. digits = 0]
[10 Oct 2018 15:22:14]   Found column: last_activity [type = timestamp][SQL/XOPEN type = 93][size = 29][dec. digits = 6]
[10 Oct 2018 15:22:14]   Found column: registration [type = timestamp][SQL/XOPEN type = 93][size = 29][dec. digits = 6]
[10 Oct 2018 15:22:14]   Found column: nickname [type = varchar][SQL/XOPEN type = 12][size = 255][dec. digits = 0]
[10 Oct 2018 15:22:14]   Found column: group_oid [type = int4][SQL/XOPEN type = 4][size = 10][dec. digits = 0]
[10 Oct 2018 15:22:14] Retrieving primary keys for 'public.user' [type = TABLE]
[10 Oct 2018 15:22:14]   Found primary key column: oid_user
[10 Oct 2018 15:22:14] Retrieving columns for 'public.user_group' [type = TABLE]
[10 Oct 2018 15:22:14]   Found column: user_oid [type = int4][SQL/XOPEN type = 4][size = 10][dec. digits = 0]
[10 Oct 2018 15:22:14]   Found column: group_oid [type = int4][SQL/XOPEN type = 4][size = 10][dec. digits = 0]
[10 Oct 2018 15:22:14] Retrieving primary keys for 'public.user_group' [type = TABLE]
[10 Oct 2018 15:22:14]   Found primary key column: user_oid
[10 Oct 2018 15:22:14]   Found primary key column: group_oid
[10 Oct 2018 15:22:14] Database metadata retrieved (99 ms)
[10 Oct 2018 15:22:14] Database connection closed
